<?xml version="1.0" encoding="UTF-8"?>
<!-- Generated by org.testng.reporters.JUnitReportReporter -->
<testsuite hostname="Sedra" failures="0" tests="1" name="Almosafer01" time="0.160" errors="0" timestamp="2023-09-22T22:13:22 EET" skipped="0">
  <testcase classname="Almosafer01" name="test" time="0.160"/>
  <system-out/>
</testsuite> <!-- Almosafer01 -->
